<?xml version="1.0" encoding="UTF-8"?>
<testsuite xmlns:xsi="http://www.w3.org/2001/XMLSchema-instance" xsi:noNamespaceSchemaLocation="https://maven.apache.org/surefire/maven-surefire-plugin/xsd/surefire-test-report.xsd" name="TestSuite" time="4.107" tests="2" errors="0" skipped="0" failures="0">
  <properties>
[...]
</properties>
  <testcase name="browser" classname="Test_Group.Test_Artifact.BrowserLaunchTest" time="3.469"/>
  <testcase name="shouldAnswerWithTrue on shouldAnswerWithTrue(Test_Group.Test_Artifact.AppTest)" classname="Test_Group.Test_Artifact.AppTest" time="0.002"/>
</testsuite>