<?xml version="1.0" encoding="UTF-8"?>
<testng-results ignored="0" total="1" passed="1" failed="0" skipped="0">
  <reporter-output>
  </reporter-output>
  <suite started-at="2023-05-02T10:12:50 EDT" name="TestCasesListForVM" finished-at="2023-05-02T10:17:51 EDT" duration-ms="301386">
    <groups>
    </groups>
    <test started-at="2023-05-02T10:12:50 EDT" name="TestCasesListForVMTest" finished-at="2023-05-02T10:17:51 EDT" duration-ms="301386">
      <class name="Test_Group.Test_Artifact.Test1001">
        <test-method signature="test()[pri:0, instance:Test_Group.Test_Artifact.Test1001@1f57539]" started-at="2023-05-02T10:12:50 EDT" name="test" finished-at="2023-05-02T10:17:51 EDT" duration-ms="301363" status="PASS">
          <reporter-output>
          </reporter-output>
        </test-method> <!-- test -->
      </class> <!-- Test_Group.Test_Artifact.Test1001 -->
    </test> <!-- TestCasesListForVMTest -->
  </suite> <!-- TestCasesListForVM -->
</testng-results>
